<?xml version="1.0" encoding="UTF-8"?>
<!-- Generated by org.testng.reporters.JUnitReportReporter -->
<testsuite hostname="LAPTOP-LEC46EMO" failures="0" tests="7" name="runner.Orangehrm_runner" time="100.417" errors="0" timestamp="2025-04-03T00:03:02 IST" skipped="0">
  <testcase classname="runner.Orangehrm_runner" name="runScenario" time="16.761"/>
  <testcase classname="runner.Orangehrm_runner" name="runScenario" time="13.448"/>
  <testcase classname="runner.Orangehrm_runner" name="runScenario" time="13.094"/>
  <testcase classname="runner.Orangehrm_runner" name="runScenario" time="14.828"/>
  <testcase classname="runner.Orangehrm_runner" name="runScenario" time="15.929"/>
  <testcase classname="runner.Orangehrm_runner" name="runScenario" time="10.897"/>
  <testcase classname="runner.Orangehrm_runner" name="runScenario" time="15.460"/>
</testsuite> <!-- runner.Orangehrm_runner -->
